2025-03-12 11:16:25,287 [Worker-9: Loading available Gradle versions] INFO  o.e.b.c.i.u.g.PublishedGradleVersions - Gradle version information cache is up-to-date. Trying to read.
2025-03-12 11:17:11,833 [Start Help Server] INFO  org.eclipse.jetty.server.Server - jetty-12.0.9; built: 2024-05-03T13:03:17.262Z; git: efe8023327e67287f9bfd006700e6a71d45b5dd6; jvm 21.0.5+11-LTS
2025-03-12 11:17:11,920 [Start Help Server] INFO  o.e.j.server.handler.ContextHandler - Started oeje8n.ContextHandler$CoreContextHandler@b044327{/help,/help,b=null,a=AVAILABLE,h=oeje8n.ContextHandler$CoreContextHandler$CoreToNestedHandler@56a19767{STARTED}}
2025-03-12 11:17:11,920 [Start Help Server] INFO  o.e.j.s.DefaultSessionIdManager - Session workerName=node0
2025-03-12 11:17:11,959 [Start Help Server] INFO  o.e.jetty.server.AbstractConnector - Started ServerConnector@68ea1151{HTTP/1.1, (http/1.1)}{127.0.0.1:54403}
2025-03-12 11:17:11,965 [Start Help Server] INFO  org.eclipse.jetty.server.Server - Started oejs.Server@4d7e20a2{STARTING}[12.0.9,sto=0] @98000ms
2025-03-12 11:17:23,821 [Stop Help Server] INFO  org.eclipse.jetty.server.Server - Stopped oejs.Server@4d7e20a2{STOPPING}[12.0.9,sto=0]
2025-03-12 11:17:23,827 [Stop Help Server] INFO  o.e.jetty.server.AbstractConnector - Stopped ServerConnector@68ea1151{HTTP/1.1, (http/1.1)}{127.0.0.1:0}
2025-03-12 11:17:32,934 [Start Help Server] INFO  org.eclipse.jetty.server.Server - jetty-12.0.9; built: 2024-05-03T13:03:17.262Z; git: efe8023327e67287f9bfd006700e6a71d45b5dd6; jvm 21.0.5+11-LTS
2025-03-12 11:17:33,047 [Start Help Server] INFO  o.e.j.server.handler.ContextHandler - Started oeje8n.ContextHandler$CoreContextHandler@56ede1b6{/help,/help,b=null,a=AVAILABLE,h=oeje8n.ContextHandler$CoreContextHandler$CoreToNestedHandler@30856932{STARTED}}
2025-03-12 11:17:33,049 [Start Help Server] INFO  o.e.j.s.DefaultSessionIdManager - Session workerName=node0
2025-03-12 11:17:33,088 [Start Help Server] INFO  o.e.jetty.server.AbstractConnector - Started ServerConnector@3426b8a4{HTTP/1.1, (http/1.1)}{127.0.0.1:54408}
2025-03-12 11:17:33,111 [Start Help Server] INFO  org.eclipse.jetty.server.Server - Started oejs.Server@6662ce0e{STARTING}[12.0.9,sto=0] @8410ms
2025-03-12 11:17:35,589 [Worker-7: Loading available Gradle versions] INFO  o.e.b.c.i.u.g.PublishedGradleVersions - Gradle version information cache is up-to-date. Trying to read.
2025-03-12 11:17:53,068 [Stop Help Server] INFO  org.eclipse.jetty.server.Server - Stopped oejs.Server@6662ce0e{STOPPING}[12.0.9,sto=0]
2025-03-12 11:17:53,074 [Stop Help Server] INFO  o.e.jetty.server.AbstractConnector - Stopped ServerConnector@3426b8a4{HTTP/1.1, (http/1.1)}{127.0.0.1:0}
2025-03-12 12:56:53,310 [Worker-4: Loading available Gradle versions] INFO  o.e.b.c.i.u.g.PublishedGradleVersions - Gradle version information cache is up-to-date. Trying to read.
2025-03-12 14:47:46,646 [Worker-6: Loading available Gradle versions] INFO  o.e.b.c.i.u.g.PublishedGradleVersions - Gradle version information cache is up-to-date. Trying to read.
2025-03-19 13:36:44,175 [Worker-4: Loading available Gradle versions] INFO  o.e.b.c.i.u.g.PublishedGradleVersions - Gradle version information cache is up-to-date. Trying to read.
2025-03-20 07:26:08,334 [Worker-5: Loading available Gradle versions] INFO  o.e.b.c.i.u.g.PublishedGradleVersions - Gradle version information cache is up-to-date. Trying to read.
2025-03-20 09:38:46,220 [Worker-6: Loading available Gradle versions] INFO  o.e.b.c.i.u.g.PublishedGradleVersions - Gradle version information cache is up-to-date. Trying to read.
2025-03-21 09:00:56,406 [Worker-30: Loading available Gradle versions] INFO  o.e.b.c.i.u.g.PublishedGradleVersions - Gradle version information cache is out-of-date. Trying to update.
2025-03-21 15:33:08,025 [Worker-4: Loading available Gradle versions] INFO  o.e.b.c.i.u.g.PublishedGradleVersions - Gradle version information cache is up-to-date. Trying to read.
2025-03-22 12:05:08,628 [Worker-8: Loading available Gradle versions] INFO  o.e.b.c.i.u.g.PublishedGradleVersions - Gradle version information cache is out-of-date. Trying to update.
2025-03-22 12:35:47,208 [Worker-9: Loading available Gradle versions] INFO  o.e.b.c.i.u.g.PublishedGradleVersions - Gradle version information cache is up-to-date. Trying to read.
2025-03-23 12:52:55,562 [Worker-4: Loading available Gradle versions] INFO  o.e.b.c.i.u.g.PublishedGradleVersions - Gradle version information cache is out-of-date. Trying to update.
2025-03-23 18:05:57,618 [Worker-9: Loading available Gradle versions] INFO  o.e.b.c.i.u.g.PublishedGradleVersions - Gradle version information cache is up-to-date. Trying to read.
2025-03-25 07:16:52,917 [Worker-4: Loading available Gradle versions] INFO  o.e.b.c.i.u.g.PublishedGradleVersions - Gradle version information cache is up-to-date. Trying to read.
2025-03-27 08:56:01,068 [Worker-7: Loading available Gradle versions] INFO  o.e.b.c.i.u.g.PublishedGradleVersions - Gradle version information cache is out-of-date. Trying to update.
2025-03-28 13:18:45,097 [Worker-9: Loading available Gradle versions] INFO  o.e.b.c.i.u.g.PublishedGradleVersions - Gradle version information cache is up-to-date. Trying to read.
2025-03-28 20:03:47,168 [Worker-4: Loading available Gradle versions] INFO  o.e.b.c.i.u.g.PublishedGradleVersions - Gradle version information cache is up-to-date. Trying to read.
2025-03-28 21:35:45,051 [Worker-4: Loading available Gradle versions] INFO  o.e.b.c.i.u.g.PublishedGradleVersions - Gradle version information cache is up-to-date. Trying to read.
2025-03-29 07:49:50,109 [Worker-8: Loading available Gradle versions] INFO  o.e.b.c.i.u.g.PublishedGradleVersions - Gradle version information cache is up-to-date. Trying to read.
2025-03-29 09:17:55,175 [Worker-6: Loading available Gradle versions] INFO  o.e.b.c.i.u.g.PublishedGradleVersions - Gradle version information cache is out-of-date. Trying to update.
